<?xml version="1.0" encoding="UTF-8"?>
<testng-results skipped="0" failed="1" ignored="0" total="2" passed="1">
  <reporter-output>
  </reporter-output>
  <suite name="Default suite" duration-ms="71039" started-at="2018-06-08T15:29:19Z" finished-at="2018-06-08T15:30:30Z">
    <groups>
    </groups>
    <test name="Default test" duration-ms="71039" started-at="2018-06-08T15:29:19Z" finished-at="2018-06-08T15:30:30Z">
      <class name="datadrivenexcel.MercuryWithExcelHelper">
        <test-method status="PASS" signature="openApplication()[pri:0, instance:datadrivenexcel.MercuryWithExcelHelper@5b275dab]" name="openApplication" is-config="true" duration-ms="15569" started-at="2018-06-08T15:29:19Z" finished-at="2018-06-08T15:29:34Z">
          <reporter-output>
          </reporter-output>
        </test-method> <!-- openApplication -->
        <test-method status="PASS" signature="verifyRegisterLink()[pri:0, instance:datadrivenexcel.MercuryWithExcelHelper@5b275dab]" name="verifyRegisterLink" duration-ms="6107" started-at="2018-06-08T15:29:34Z" finished-at="2018-06-08T15:29:40Z">
          <reporter-output>
          </reporter-output>
        </test-method> <!-- verifyRegisterLink -->
        <test-method status="FAIL" signature="userRegistration()[pri:1, instance:datadrivenexcel.MercuryWithExcelHelper@5b275dab]" name="userRegistration" duration-ms="48128" started-at="2018-06-08T15:29:40Z" finished-at="2018-06-08T15:30:28Z">
          <exception class="org.openqa.selenium.NoSuchElementException">
            <message>
              <![CDATA[Cannot locate element with text: 2
For documentation on this error, please visit: http://seleniumhq.org/exceptions/no_such_element.html
Build info: version: '3.9.1', revision: '63f7b50', time: '2018-02-07T22:42:22.379Z'
System info: host: 'LAPTOP-IBONIF92', ip: '192.168.0.14', os.name: 'Windows 10', os.arch: 'amd64', os.version: '10.0', java.version: '1.8.0_161'
Driver info: driver.version: unknown]]>
            </message>
            <full-stacktrace>
              <![CDATA[org.openqa.selenium.NoSuchElementException: Cannot locate element with text: 2
For documentation on this error, please visit: http://seleniumhq.org/exceptions/no_such_element.html
Build info: version: '3.9.1', revision: '63f7b50', time: '2018-02-07T22:42:22.379Z'
System info: host: 'LAPTOP-IBONIF92', ip: '192.168.0.14', os.name: 'Windows 10', os.arch: 'amd64', os.version: '10.0', java.version: '1.8.0_161'
Driver info: driver.version: unknown
at org.openqa.selenium.support.ui.Select.selectByVisibleText(Select.java:151)
at datadrivenexcel.MercuryWithExcelHelper.userRegistration(MercuryWithExcelHelper.java:150)
at sun.reflect.NativeMethodAccessorImpl.invoke0(Native Method)
at sun.reflect.NativeMethodAccessorImpl.invoke(NativeMethodAccessorImpl.java:62)
at sun.reflect.DelegatingMethodAccessorImpl.invoke(DelegatingMethodAccessorImpl.java:43)
at java.lang.reflect.Method.invoke(Method.java:498)
at org.testng.internal.MethodInvocationHelper.invokeMethod(MethodInvocationHelper.java:124)
at org.testng.internal.Invoker.invokeMethod(Invoker.java:583)
at org.testng.internal.Invoker.invokeTestMethod(Invoker.java:719)
at org.testng.internal.Invoker.invokeTestMethods(Invoker.java:989)
at org.testng.internal.TestMethodWorker.invokeTestMethods(TestMethodWorker.java:125)
at org.testng.internal.TestMethodWorker.run(TestMethodWorker.java:109)
at org.testng.TestRunner.privateRun(TestRunner.java:648)
at org.testng.TestRunner.run(TestRunner.java:505)
at org.testng.SuiteRunner.runTest(SuiteRunner.java:455)
at org.testng.SuiteRunner.runSequentially(SuiteRunner.java:450)
at org.testng.SuiteRunner.privateRun(SuiteRunner.java:415)
at org.testng.SuiteRunner.run(SuiteRunner.java:364)
at org.testng.SuiteRunnerWorker.runSuite(SuiteRunnerWorker.java:52)
at org.testng.SuiteRunnerWorker.run(SuiteRunnerWorker.java:84)
at org.testng.TestNG.runSuitesSequentially(TestNG.java:1208)
at org.testng.TestNG.runSuitesLocally(TestNG.java:1137)
at org.testng.TestNG.runSuites(TestNG.java:1049)
at org.testng.TestNG.run(TestNG.java:1017)
at org.testng.remote.AbstractRemoteTestNG.run(AbstractRemoteTestNG.java:114)
at org.testng.remote.RemoteTestNG.initAndRun(RemoteTestNG.java:251)
at org.testng.remote.RemoteTestNG.main(RemoteTestNG.java:77)
]]>
            </full-stacktrace>
          </exception> <!-- org.openqa.selenium.NoSuchElementException -->
          <reporter-output>
          </reporter-output>
        </test-method> <!-- userRegistration -->
        <test-method status="PASS" signature="closeApplication()[pri:0, instance:datadrivenexcel.MercuryWithExcelHelper@5b275dab]" name="closeApplication" is-config="true" duration-ms="1185" started-at="2018-06-08T15:30:28Z" finished-at="2018-06-08T15:30:30Z">
          <reporter-output>
          </reporter-output>
        </test-method> <!-- closeApplication -->
      </class> <!-- datadrivenexcel.MercuryWithExcelHelper -->
    </test> <!-- Default test -->
  </suite> <!-- Default suite -->
</testng-results>
